Entered Function:     p_prog	Token Code: {
Entered Function:    p_block	Token Code: {
Entered Function:    p_decls	Token Code: TOK_INT
Entered Function:     p_decl	Token Code: TOK_INT
Entered Function:     p_type	Token Code: TOK_INT
Entered Function:    p_basic	Token Code: TOK_INT
Entered Function:    p_type1	Token Code: TOK_ID
Entered Function:    p_decls	Token Code: TOK_INT
Entered Function:     p_decl	Token Code: TOK_INT
Entered Function:     p_type	Token Code: TOK_INT
Entered Function:    p_basic	Token Code: TOK_INT
Entered Function:    p_type1	Token Code: TOK_ID
Entered Function:    p_decls	Token Code: TOK_ID
Entered Function:    p_stmts	Token Code: TOK_ID
Entered Function:     p_stmt	Token Code: TOK_ID
Entered Function:      p_loc	Token Code: TOK_ID
Entered Function:     p_loc1	Token Code: =
Entered Function:     p_bool	Token Code: TOK_NUM
Entered Function:     p_join	Token Code: TOK_NUM
Entered Function: p_equality	Token Code: TOK_NUM
Entered Function:    p_expr1	Token Code: TOK_NUM
Entered Function:     p_term	Token Code: TOK_NUM
Entered Function:    p_unary	Token Code: TOK_NUM
Entered Function:   p_factor	Token Code: TOK_NUM
Entered Function:    p_term1	Token Code: ;
Entered Function:    p_expr1	Token Code: ;
Entered Function:      p_rel	Token Code: ;
Entered Function: p_equality1	Token Code: ;
Entered Function:    p_join1	Token Code: ;
Entered Function:    p_bool1	Token Code: ;
Entered Function:    p_stmts	Token Code: TOK_ID
Entered Function:     p_stmt	Token Code: TOK_ID
Entered Function:      p_loc	Token Code: TOK_ID
Entered Function:     p_loc1	Token Code: =
Entered Function:     p_bool	Token Code: TOK_NUM
Entered Function:     p_join	Token Code: TOK_NUM
Entered Function: p_equality	Token Code: TOK_NUM
Entered Function:    p_expr1	Token Code: TOK_NUM
Entered Function:     p_term	Token Code: TOK_NUM
Entered Function:    p_unary	Token Code: TOK_NUM
Entered Function:   p_factor	Token Code: TOK_NUM
Entered Function:    p_term1	Token Code: ;
Entered Function:    p_expr1	Token Code: ;
Entered Function:      p_rel	Token Code: ;
Entered Function: p_equality1	Token Code: ;
Entered Function:    p_join1	Token Code: ;
Entered Function:    p_bool1	Token Code: ;
Entered Function:    p_stmts	Token Code: TOK_WHILE
Entered Function:     p_stmt	Token Code: TOK_WHILE
Entered Function:     p_bool	Token Code: TOK_ID
Entered Function:     p_stmt	Token Code: <
Entered Function:    p_stmts	Token Code: <
