Entered Function: g_generate	Token Code: TOK_BLOCK
Entered Function:     g_prog	Token Code: TOK_BLOCK
Entered Function:    g_block	Token Code: TOK_DECLS
Entered Function:    g_decls	Token Code: TOK_DECL
Entered Function:     g_decl	Token Code: TOK_TYPE
Entered Function:     g_type	Token Code: TOK_BASIC
Entered Function:    g_basic	Token Code: TOK_INT
Entered Function:    g_decls	Token Code: TOK_DECL
Entered Function:     g_decl	Token Code: TOK_TYPE
Entered Function:     g_type	Token Code: TOK_BASIC
Entered Function:    g_basic	Token Code: TOK_INT
Entered Function:    g_stmts	Token Code: TOK_STMT
Entered Function:     g_stmt	Token Code: TOK_ID
Entered Function: g_stmt_assign	Token Code: TOK_ID
Entered Function:      g_loc	Token Code: TOK_ID
Entered Function:     g_bool	Token Code: TOK_JOIN
Entered Function:     g_join	Token Code: TOK_EQUALITY
Entered Function: g_equality	Token Code: TOK_REL
Entered Function:      g_rel	Token Code: TOK_EXPR
Entered Function:     g_expr	Token Code: TOK_TERM
Entered Function:     g_term	Token Code: TOK_UNARY
Entered Function:    g_unary	Token Code: TOK_FACTOR
Entered Function:   g_factor	Token Code: TOK_NUM
Entered Function:    g_stmts	Token Code: TOK_STMT
Entered Function:     g_stmt	Token Code: TOK_ID
Entered Function: g_stmt_assign	Token Code: TOK_ID
Entered Function:      g_loc	Token Code: TOK_ID
Entered Function:     g_bool	Token Code: TOK_JOIN
Entered Function:     g_join	Token Code: TOK_EQUALITY
Entered Function: g_equality	Token Code: TOK_REL
Entered Function:      g_rel	Token Code: TOK_EXPR
Entered Function:     g_expr	Token Code: TOK_TERM
Entered Function:     g_term	Token Code: TOK_UNARY
Entered Function:    g_unary	Token Code: TOK_FACTOR
Entered Function:   g_factor	Token Code: TOK_NUM
Entered Function:    g_stmts	Token Code: TOK_STMT
Entered Function:     g_stmt	Token Code: TOK_WHILE
Entered Function: g_stmt_while	Token Code: TOK_WHILE
